#
# There is insufficient memory for the Java Runtime Environment to continue.
# Native memory allocation (malloc) failed to allocate 244176 bytes for Chunk::new
# Possible reasons:
#   The system is out of physical RAM or swap space
#   In 32 bit mode, the process size limit was hit
# Possible solutions:
#   Reduce memory load on the system
#   Increase physical memory or swap space
#   Check if swap backing store is full
#   Use 64 bit Java on a 64 bit OS
#   Decrease Java heap size (-Xmx/-Xms)
#   Decrease number of Java threads
#   Decrease Java thread stack sizes (-Xss)
#   Set larger code cache with -XX:ReservedCodeCacheSize=
# This output file may be truncated or incomplete.
#
#  Out of Memory Error (allocation.cpp:390), pid=88564, tid=0x000000000000e870
#
# JRE version: Java(TM) SE Runtime Environment (8.0_112-b15) (build 1.8.0_112-b15)
# Java VM: Java HotSpot(TM) 64-Bit Server VM (25.112-b15 mixed mode windows-amd64 compressed oops)
# Failed to write core dump. Minidumps are not enabled by default on client versions of Windows
#

---------------  T H R E A D  ---------------

Current thread (0x000000001de2f800):  JavaThread "C2 CompilerThread0" daemon [_thread_in_native, id=59504, stack(0x000000001e5f0000,0x000000001e6f0000)]

Stack: [0x000000001e5f0000,0x000000001e6f0000]
[error occurred during error reporting (printing stack bounds), id 0xc0000005]

Native frames: (J=compiled Java code, j=interpreted, Vv=VM code, C=native code)


Current CompileTask:
C2:   2141 1207       4       java.io.WinNTFileSystem::normalize (143 bytes)


---------------  P R O C E S S  ---------------

Java Threads: ( => current thread )
  0x000000001f3cd000 JavaThread "Exec Default Executor" daemon [_thread_in_Java, id=94912, stack(0x0000000020900000,0x0000000020a00000)]
  0x000000001dec3000 JavaThread "Service Thread" daemon [_thread_blocked, id=94500, stack(0x000000001e9f0000,0x000000001eaf0000)]
  0x000000001de4e000 JavaThread "C1 CompilerThread3" daemon [_thread_in_native, id=90472, stack(0x000000001e8f0000,0x000000001e9f0000)]
  0x000000001de3a000 JavaThread "C2 CompilerThread2" daemon [_thread_blocked, id=59424, stack(0x000000001e7f0000,0x000000001e8f0000)]
  0x000000001de36000 JavaThread "C2 CompilerThread1" daemon [_thread_blocked, id=90484, stack(0x000000001e6f0000,0x000000001e7f0000)]
=>0x000000001de2f800 JavaThread "C2 CompilerThread0" daemon [_thread_in_native, id=59504, stack(0x000000001e5f0000,0x000000001e6f0000)]
  0x000000001de2c000 JavaThread "Attach Listener" daemon [_thread_blocked, id=93472, stack(0x000000001e4f0000,0x000000001e5f0000)]
  0x000000001de2b000 JavaThread "Signal Dispatcher" daemon [_thread_blocked, id=90612, stack(0x000000001e3f0000,0x000000001e4f0000)]
  0x000000001de20800 JavaThread "Finalizer" daemon [_thread_blocked, id=93520, stack(0x000000001e200000,0x000000001e300000)]
  0x0000000002567800 JavaThread "Reference Handler" daemon [_thread_blocked, id=88216, stack(0x000000001dd00000,0x000000001de00000)]
  0x0000000002474000 JavaThread "Forwarding newSession on session null to remote" [_thread_in_vm, id=73680, stack(0x0000000002370000,0x0000000002470000)]

Other Threads:
  0x000000001bf29800 VMThread [stack: 0x000000001dc00000,0x000000001dd00000] [id=80948]
  0x000000001dede800 WatcherThread [stack: 0x000000001eaf0000,0x000000001ebf0000] [id=94516]

VM state:not at safepoint (normal execution)

VM Mutex/Monitor currently owned by a thread: None

Heap:
 PSYoungGen      total 75776K, used 54626K [0x000000076b700000, 0x0000000770b80000, 0x00000007c0000000)
  eden space 65024K, 84% used [0x000000076b700000,0x000000076ec58950,0x000000076f680000)
  from space 10752K, 0% used [0x0000000770100000,0x0000000770100000,0x0000000770b80000)
  to   space 10752K, 0% used [0x000000076f680000,0x000000076f680000,0x0000000770100000)
 ParOldGen       total 173568K, used 0K [0x00000006c2400000, 0x00000006ccd80000, 0x000000076b700000)
  object space 173568K, 0% used [0x00000006c2400000,0x00000006c2400000,0x00000006ccd80000)
 Metaspace       used 11669K, capacity 11898K, committed 12032K, reserved 1058816K
  class space    used 1584K, capacity 1679K, committed 1792K, reserved 1048576K

Card table byte_map: [0x0000000011930000,0x0000000012120000] byte_map_base: 0x000000000e31e000

Marking Bits: (ParMarkBitMap*) 0x0000000056cca6d0
 Begin Bits: [0x0000000012e70000, 0x0000000016de0000)
 End Bits:   [0x0000000016de0000, 0x000000001ad50000)

Polling page: 0x0000000000460000

CodeCache: size=245760Kb used=4404Kb max_used=4404Kb free=241355Kb
 bounds [0x0000000002570000, 0x00000000029d0000, 0x0000000011570000]
 total_blobs=1562 nmethods=1210 adapters=265
 compilation: enabled

Compilation events (10 events):
Event: 2.113 Thread 0x000000001de4e000 1191       3       sun.reflect.ClassFileAssembler::emitConstantPoolMethodref (28 bytes)
Event: 2.114 Thread 0x000000001de4e000 nmethod 1191 0x00000000029b9850 code [0x00000000029b9a40, 0x00000000029ba128]
Event: 2.116 Thread 0x000000001de3a000 1204       4       java.lang.ClassLoader::checkName (43 bytes)
Event: 2.117 Thread 0x000000001de36000 1205       4       java.net.URLStreamHandler::setURL (40 bytes)
Event: 2.117 Thread 0x000000001de2f800 nmethod 1194 0x00000000029bdc10 code [0x00000000029bdda0, 0x00000000029be6d8]
Event: 2.119 Thread 0x000000001de3a000 nmethod 1204 0x00000000029ba8d0 code [0x00000000029baa20, 0x00000000029bac38]
Event: 2.120 Thread 0x000000001de36000 nmethod 1205 0x00000000029bc0d0 code [0x00000000029bc220, 0x00000000029bc558]
Event: 2.122 Thread 0x000000001de4e000 1206       3       java.util.zip.ZipEntry::<init> (146 bytes)
Event: 2.122 Thread 0x000000001de4e000 nmethod 1206 0x00000000029bb950 code [0x00000000029bbae0, 0x00000000029bbf28]
Event: 2.131 Thread 0x000000001de2f800 1207       4       java.io.WinNTFileSystem::normalize (143 bytes)

GC Heap History (0 events):
No events

Deoptimization events (10 events):
Event: 1.182 Thread 0x0000000002474000 Uncommon trap: reason=unstable_if action=reinterpret pc=0x000000000285996c method=java.util.HashMap.putVal(ILjava/lang/Object;Ljava/lang/Object;ZZ)Ljava/lang/Object; @ 236
Event: 1.208 Thread 0x0000000002474000 Uncommon trap: reason=bimorphic action=maybe_recompile pc=0x0000000002850118 method=java.util.HashMap.putVal(ILjava/lang/Object;Ljava/lang/Object;ZZ)Ljava/lang/Object; @ 203
Event: 1.208 Thread 0x0000000002474000 Uncommon trap: reason=bimorphic action=maybe_recompile pc=0x0000000002850118 method=java.util.HashMap.putVal(ILjava/lang/Object;Ljava/lang/Object;ZZ)Ljava/lang/Object; @ 203
Event: 1.209 Thread 0x0000000002474000 Uncommon trap: reason=bimorphic action=maybe_recompile pc=0x0000000002850118 method=java.util.HashMap.putVal(ILjava/lang/Object;Ljava/lang/Object;ZZ)Ljava/lang/Object; @ 203
Event: 1.210 Thread 0x0000000002474000 Uncommon trap: reason=bimorphic action=maybe_recompile pc=0x0000000002850118 method=java.util.HashMap.putVal(ILjava/lang/Object;Ljava/lang/Object;ZZ)Ljava/lang/Object; @ 203
Event: 1.289 Thread 0x0000000002474000 Uncommon trap: reason=unstable_if action=reinterpret pc=0x00000000027e7770 method=java.util.LinkedHashMap.get(Ljava/lang/Object;)Ljava/lang/Object; @ 20
Event: 1.325 Thread 0x0000000002474000 Uncommon trap: reason=unstable_if action=reinterpret pc=0x000000000290aaac method=java.io.ByteArrayInputStream.read()I @ 8
Event: 1.743 Thread 0x0000000002474000 Uncommon trap: reason=bimorphic action=maybe_recompile pc=0x00000000027f6600 method=java.net.URL.<init>(Ljava/net/URL;Ljava/lang/String;Ljava/net/URLStreamHandler;)V @ 504
Event: 2.136 Thread 0x0000000002474000 Uncommon trap: reason=unstable_if action=reinterpret pc=0x00000000026fe1e4 method=java.lang.String.replace(CC)Ljava/lang/String; @ 2
Event: 2.138 Thread 0x0000000002474000 Uncommon trap: reason=bimorphic action=maybe_recompile pc=0x00000000027f6600 method=java.net.URL.<init>(Ljava/net/URL;Ljava/lang/String;Ljava/net/URLStreamHandler;)V @ 504

Internal exceptions (10 events):
Event: 0.053 Thread 0x0000000002474000 Exception <a 'java/lang/NoSuchMethodError': Method sun.misc.Unsafe.prefetchRead(Ljava/lang/Object;J)V name or signature does not match> (0x000000076b707f60) thrown at [C:\re\workspace\8-2-build-windows-amd64-cygwin\jdk8u112\7884\hotspot\src\share\vm\prims
Event: 0.313 Thread 0x0000000002474000 Exception <a 'java/security/PrivilegedActionException'> (0x000000076b9c3140) thrown at [C:\re\workspace\8-2-build-windows-amd64-cygwin\jdk8u112\7884\hotspot\src\share\vm\prims\jvm.cpp, line 1390]
Event: 0.313 Thread 0x0000000002474000 Exception <a 'java/security/PrivilegedActionException'> (0x000000076b9c3350) thrown at [C:\re\workspace\8-2-build-windows-amd64-cygwin\jdk8u112\7884\hotspot\src\share\vm\prims\jvm.cpp, line 1390]
Event: 0.315 Thread 0x0000000002474000 Exception <a 'java/security/PrivilegedActionException'> (0x000000076b9c6f98) thrown at [C:\re\workspace\8-2-build-windows-amd64-cygwin\jdk8u112\7884\hotspot\src\share\vm\prims\jvm.cpp, line 1390]
Event: 0.315 Thread 0x0000000002474000 Exception <a 'java/security/PrivilegedActionException'> (0x000000076b9c71a8) thrown at [C:\re\workspace\8-2-build-windows-amd64-cygwin\jdk8u112\7884\hotspot\src\share\vm\prims\jvm.cpp, line 1390]
Event: 0.944 Thread 0x0000000002474000 Exception <a 'java/lang/ArrayIndexOutOfBoundsException': 18> (0x000000076d5244b8) thrown at [C:\re\workspace\8-2-build-windows-amd64-cygwin\jdk8u112\7884\hotspot\src\share\vm\interpreter\interpreterRuntime.cpp, line 366]
Event: 0.945 Thread 0x0000000002474000 Exception <a 'java/lang/ArrayIndexOutOfBoundsException': 138> (0x000000076d525f68) thrown at [C:\re\workspace\8-2-build-windows-amd64-cygwin\jdk8u112\7884\hotspot\src\share\vm\interpreter\interpreterRuntime.cpp, line 366]
Event: 0.945 Thread 0x0000000002474000 Exception <a 'java/lang/ArrayIndexOutOfBoundsException': 60> (0x000000076d527418) thrown at [C:\re\workspace\8-2-build-windows-amd64-cygwin\jdk8u112\7884\hotspot\src\share\vm\interpreter\interpreterRuntime.cpp, line 366]
Event: 1.155 Thread 0x0000000002474000 Exception <a 'java/lang/NoSuchFieldError': method resolution failed> (0x000000076de87c20) thrown at [C:\re\workspace\8-2-build-windows-amd64-cygwin\jdk8u112\7884\hotspot\src\share\vm\prims\methodHandles.cpp, line 1146]
Event: 1.156 Thread 0x0000000002474000 Exception <a 'java/lang/NoSuchFieldError': method resolution failed> (0x000000076de952e0) thrown at [C:\re\workspace\8-2-build-windows-amd64-cygwin\jdk8u112\7884\hotspot\src\share\vm\prims\methodHandles.cpp, line 1146]

Events (10 events):
Event: 2.138 loading class org/apache/commons/exec/DefaultExecutor$1
Event: 2.138 loading class org/apache/commons/exec/DefaultExecutor$1 done
Event: 2.138 Thread 0x000000001f3cd000 Thread added: 0x000000001f3cd000
Event: 2.138 Thread 0x0000000002474000 Uncommon trap: trap_request=0xffffffc6 fr.pc=0x00000000027f6600
Event: 2.138 Thread 0x0000000002474000 DEOPT PACKING pc=0x00000000027f6600 sp=0x000000000246dd90
Event: 2.138 Thread 0x0000000002474000 DEOPT UNPACKING pc=0x00000000025b582a sp=0x000000000246dd08 mode 2
Event: 2.139 loading class org/openqa/selenium/net/UrlChecker
Event: 2.139 loading class org/openqa/selenium/net/UrlChecker done
Event: 2.139 loading class org/apache/commons/exec/environment/EnvironmentUtils
Event: 2.139 loading class org/apache/commons/exec/environment/EnvironmentUtils done


Dynamic libraries:
0x00007ff6a8360000 - 0x00007ff6a8397000 	C:\Program Files\Java\jre1.8.0_112\bin\javaw.exe
0x00007ffb33150000 - 0x00007ffb33331000 	C:\windows\SYSTEM32\ntdll.dll
0x00007ffb31ac0000 - 0x00007ffb31b71000 	C:\windows\System32\KERNEL32.DLL
0x00007ffb2f7b0000 - 0x00007ffb2fa23000 	C:\windows\System32\KERNELBASE.dll
0x00007ffb31b80000 - 0x00007ffb31c21000 	C:\windows\System32\ADVAPI32.dll
0x00007ffb30ee0000 - 0x00007ffb30f7e000 	C:\windows\System32\msvcrt.dll
0x00007ffb31960000 - 0x00007ffb319bb000 	C:\windows\System32\sechost.dll
0x00007ffb30f80000 - 0x00007ffb310a4000 	C:\windows\System32\RPCRT4.dll
0x00007ffb31750000 - 0x00007ffb318e0000 	C:\windows\System32\USER32.dll
0x00007ffb305b0000 - 0x00007ffb305d0000 	C:\windows\System32\win32u.dll
0x00007ffb31a30000 - 0x00007ffb31a58000 	C:\windows\System32\GDI32.dll
0x00007ffb2f610000 - 0x00007ffb2f7a1000 	C:\windows\System32\gdi32full.dll
0x00007ffb2fcd0000 - 0x00007ffb2fd6f000 	C:\windows\System32\msvcp_win.dll
0x00007ffb2f510000 - 0x00007ffb2f608000 	C:\windows\System32\ucrtbase.dll
0x00007ffb1e490000 - 0x00007ffb1e6f9000 	C:\windows\WinSxS\amd64_microsoft.windows.common-controls_6595b64144ccf1df_6.0.17134.1365_none_d401d10f7c8e8b9b\COMCTL32.dll
0x00007ffb30bb0000 - 0x00007ffb30ed1000 	C:\windows\System32\combase.dll
0x00007ffb30480000 - 0x00007ffb304f9000 	C:\windows\System32\bcryptPrimitives.dll
0x00007ffb31430000 - 0x00007ffb3145d000 	C:\windows\System32\IMM32.DLL
0x0000000056260000 - 0x0000000056332000 	C:\Program Files\Java\jre1.8.0_112\bin\msvcr100.dll
0x00000000564b0000 - 0x0000000056d4a000 	C:\Program Files\Java\jre1.8.0_112\bin\server\jvm.dll
0x00007ffb316b0000 - 0x00007ffb316b8000 	C:\windows\System32\PSAPI.DLL
0x00007ffb29f20000 - 0x00007ffb29f43000 	C:\windows\SYSTEM32\WINMM.dll
0x00007ffb031a0000 - 0x00007ffb031a9000 	C:\windows\SYSTEM32\WSOCK32.dll
0x00007ffb319c0000 - 0x00007ffb31a2c000 	C:\windows\System32\WS2_32.dll
0x00007ffb29ef0000 - 0x00007ffb29f1a000 	C:\windows\SYSTEM32\WINMMBASE.dll
0x00007ffb2fc80000 - 0x00007ffb2fcc9000 	C:\windows\System32\cfgmgr32.dll
0x00007ffb1e0a0000 - 0x00007ffb1e0aa000 	C:\windows\SYSTEM32\VERSION.dll
0x00000000564a0000 - 0x00000000564af000 	C:\Program Files\Java\jre1.8.0_112\bin\verify.dll
0x0000000056470000 - 0x0000000056499000 	C:\Program Files\Java\jre1.8.0_112\bin\java.dll
0x0000000056450000 - 0x0000000056466000 	C:\Program Files\Java\jre1.8.0_112\bin\zip.dll
0x00007ffb31c30000 - 0x00007ffb33075000 	C:\windows\System32\SHELL32.dll
0x00007ffb30b00000 - 0x00007ffb30ba9000 	C:\windows\System32\shcore.dll
0x00007ffb2fd70000 - 0x00007ffb30480000 	C:\windows\System32\windows.storage.dll
0x00007ffb31a60000 - 0x00007ffb31ab1000 	C:\windows\System32\shlwapi.dll
0x00007ffb2f450000 - 0x00007ffb2f461000 	C:\windows\System32\kernel.appcore.dll
0x00007ffb2f470000 - 0x00007ffb2f48f000 	C:\windows\System32\profapi.dll
0x00007ffb2f4c0000 - 0x00007ffb2f50c000 	C:\windows\System32\powrprof.dll
0x00007ffb2f490000 - 0x00007ffb2f49a000 	C:\windows\System32\FLTLIB.DLL
0x0000000056430000 - 0x000000005644a000 	C:\Program Files\Java\jre1.8.0_112\bin\net.dll
0x00007ffb2ecd0000 - 0x00007ffb2ed36000 	C:\windows\system32\mswsock.dll
0x00007ffb2ea60000 - 0x00007ffb2eb1e000 	C:\windows\SYSTEM32\DNSAPI.dll
0x00007ffb30a20000 - 0x00007ffb30a28000 	C:\windows\System32\NSI.dll
0x00007ffb2ea20000 - 0x00007ffb2ea58000 	C:\windows\SYSTEM32\IPHLPAPI.DLL
0x00007ffb23ed0000 - 0x00007ffb23eda000 	C:\Windows\System32\rasadhlp.dll
0x00007ffb2b060000 - 0x00007ffb2b0d2000 	C:\windows\System32\fwpuclnt.dll
0x00007ffb2efb0000 - 0x00007ffb2efd5000 	C:\windows\SYSTEM32\bcrypt.dll
0x00000000563e0000 - 0x0000000056404000 	C:\Program Files\Java\jre1.8.0_112\bin\sunec.dll
0x00000000563d0000 - 0x00000000563db000 	C:\Program Files\Java\jre1.8.0_112\bin\sunmscapi.dll
0x00007ffb2fa30000 - 0x00007ffb2fc12000 	C:\windows\System32\CRYPT32.dll
0x00007ffb2f4a0000 - 0x00007ffb2f4b2000 	C:\windows\System32\MSASN1.dll
0x00007ffb2adf0000 - 0x00007ffb2ae06000 	C:\windows\SYSTEM32\dhcpcsvc6.DLL
0x00007ffb2add0000 - 0x00007ffb2adea000 	C:\windows\SYSTEM32\dhcpcsvc.DLL
0x0000000056410000 - 0x0000000056421000 	C:\Program Files\Java\jre1.8.0_112\bin\nio.dll
0x00007ffb2ee90000 - 0x00007ffb2eea7000 	C:\windows\SYSTEM32\CRYPTSP.dll
0x00007ffb2e650000 - 0x00007ffb2e683000 	C:\windows\system32\rsaenh.dll
0x00007ffb2f380000 - 0x00007ffb2f3a8000 	C:\windows\SYSTEM32\USERENV.dll
0x00007ffb2ee80000 - 0x00007ffb2ee8b000 	C:\windows\SYSTEM32\CRYPTBASE.dll

VM Arguments:
jvm_args: -Dfile.encoding=Cp1252 
java_command: cucumber.api.cli.Main D:/LeaveAllCountries/TMSRegression/src/test/java/com/mindtree/features/India-Offshore to onsite.feature --glue classpath: --plugin pretty --monochrome
java_class_path (initial): C:\Program Files\Java\jre1.8.0_112\lib\resources.jar;C:\Program Files\Java\jre1.8.0_112\lib\rt.jar;C:\Program Files\Java\jre1.8.0_112\lib\jsse.jar;C:\Program Files\Java\jre1.8.0_112\lib\jce.jar;C:\Program Files\Java\jre1.8.0_112\lib\charsets.jar;C:\Program Files\Java\jre1.8.0_112\lib\jfr.jar;C:\Program Files\Java\jre1.8.0_112\lib\ext\access-bridge-64.jar;C:\Program Files\Java\jre1.8.0_112\lib\ext\cldrdata.jar;C:\Program Files\Java\jre1.8.0_112\lib\ext\dnsns.jar;C:\Program Files\Java\jre1.8.0_112\lib\ext\jaccess.jar;C:\Program Files\Java\jre1.8.0_112\lib\ext\jfxrt.jar;C:\Program Files\Java\jre1.8.0_112\lib\ext\localedata.jar;C:\Program Files\Java\jre1.8.0_112\lib\ext\nashorn.jar;C:\Program Files\Java\jre1.8.0_112\lib\ext\sunec.jar;C:\Program Files\Java\jre1.8.0_112\lib\ext\sunjce_provider.jar;C:\Program Files\Java\jre1.8.0_112\lib\ext\sunmscapi.jar;C:\Program Files\Java\jre1.8.0_112\lib\ext\sunpkcs11.jar;C:\Program Files\Java\jre1.8.0_112\lib\ext\zipfs.jar;D:\LeaveAllCountries\TMSRegression\target\classes;D:\LeaveAllCountries\TMSRegression\target\test-classes;C:\Users\M1030468\.m2\repository\org\seleniumhq\selenium\selenium-java\3.141.59\selenium-java-3.141.59.jar;C:\Users\M1030468\.m2\repository\org\seleniumhq\selenium\selenium-api\3.141.59\selenium-api-3.141.59.jar;C:\Users\M1030468\.m2\repository\org\seleniumhq\selenium\selenium-chrome-driver\3.141.59\selenium-chrome-driver-3.141.59.jar;C:\Users\M1030468\.m2\repository\org\seleniumhq\selenium\selenium-edge-driver\3.141.59\selenium-edge-driver-3.141.59.jar;C:\Users\M1030468\.m2\repository\org\seleniumhq\selenium\selenium-firefox-driver\3.141.59\selenium-firefox-driver-3.141.59.jar;C:\Users\M1030468\.m2\repository\org\seleniumhq\selenium\selenium-ie-driver\3.141.59\selenium-ie-driver-3.141.59.jar;C:\Users\M1030468\.m2\repository\org\seleniumhq\selenium\selenium-opera-driver\3.141.59\selenium-opera-driver-3.141.59.jar;C:\Users\M1030468\.m2\repository\org\seleniumhq\selenium\selenium-remot
Launcher Type: SUN_STANDARD

Environment Variables:
JAVA_HOME=C:\Program Files\Java\jdk1.8.0_112
PATH=C:/Program Files/Java/jre1.8.0_112/bin/server;C:/Program Files/Java/jre1.8.0_112/bin;C:/Program Files/Java/jre1.8.0_112/lib/amd64;C:\ProgramData\Oracle\Java\javapath;C:\Program Files\Microsoft MPI\Bin\;C:\windows\system32;C:\windows;C:\windows\System32\Wbem;C:\windows\System32\WindowsPowerShell\v1.0\;C:\windows\System32\OpenSSH\;C:\Program Files (x86)\Microsoft SQL Server\130\DTS\Binn\;C:\Program Files\Microsoft SQL Server\130\DTS\Binn\;C:\Program Files\Microsoft SQL Server\Client SDK\ODBC\130\Tools\Binn\;C:\Program Files (x86)\Microsoft SQL Server\130\Tools\Binn\;C:\Program Files\Microsoft SQL Server\130\Tools\Binn\;C:\Program Files (x86)\Microsoft SQL Server\150\DTS\Binn\;D:\Maven\apache\maven\apache-maven-3.5.2\bin;C:\Program Files\nodejs\node_modules\npm\bin;C:\Program Files\nodejs\;C:\Users\M1030468\AppData\Local\Android\Sdk\tools;C:\Users\M1030468\AppData\Local\Android\Sdk\tools\bin;C:\Users\M1030468\AppData\Local\Android\Sdk\platform-tools;C:\Program Files\Java\jdk1.8.0_112\bin;C:\Program Files\Git\cmd;C:\Users\M1030468\AppData\Local\Microsoft\WindowsApps;C:\Users\M1030468\AppData\Roaming\npm;;C:\Users\M1030468\Desktop;
USERNAME=M1030468
OS=Windows_NT
PROCESSOR_IDENTIFIER=Intel64 Family 6 Model 142 Stepping 10, GenuineIntel



---------------  S Y S T E M  ---------------

OS: Windows 10.0 , 64 bit Build 17134 (10.0.17134.753)

CPU:total 8 (4 cores per cpu, 2 threads per core) family 6 model 142 stepping 10, cmov, cx8, fxsr, mmx, sse, sse2, sse3, ssse3, sse4.1, sse4.2, popcnt, avx, avx2, aes, clmul, erms, 3dnowpref, lzcnt, ht, tsc, tscinvbit, bmi1, bmi2, adx

Memory: 4k page, physical 16627740k(5726972k free), swap 25972652k(1576k free)

vm_info: Java HotSpot(TM) 64-Bit Server VM (25.112-b15) for windows-amd64 JRE (1.8.0_112-b15), built on Sep 22 2016 21:31:56 by "java_re" with MS VC++ 10.0 (VS2010)

time: Thu May 21 14:24:29 2020
elapsed time: 2 seconds (0d 0h 0m 2s)

